<?xml version="1.0" encoding="UTF-8"?>
<testng-results skipped="0" failed="1" total="1" passed="0">
  <reporter-output>
  </reporter-output>
  <suite name="buyflowSuite" duration-ms="45492" started-at="2020-12-16T15:55:00Z" finished-at="2020-12-16T15:55:45Z">
    <groups>
    </groups>
    <test name="buyflowTest" duration-ms="45492" started-at="2020-12-16T15:55:00Z" finished-at="2020-12-16T15:55:45Z">
      <class name="com.sns.gr_optimization.buyflow.BuyflowValidation">
        <test-method status="PASS" signature="getEmailId()[pri:0, instance:com.sns.gr_optimization.buyflow.BuyflowValidation@3b0143d3]" name="getEmailId" is-config="true" duration-ms="10" started-at="2020-12-16T21:25:00Z" finished-at="2020-12-16T21:25:00Z">
          <reporter-output>
          </reporter-output>
        </test-method> <!-- getEmailId -->
        <test-method status="FAIL" signature="buyflow(java.lang.String, java.lang.String, java.lang.String, java.lang.String, java.lang.String, java.lang.String, java.lang.String, java.lang.String, java.lang.String, java.lang.String)[pri:0, instance:com.sns.gr_optimization.buyflow.BuyflowValidation@3b0143d3]" name="buyflow" duration-ms="44270" started-at="2020-12-16T21:25:01Z" data-provider="buyflowInput" finished-at="2020-12-16T21:25:45Z">
          <params>
            <param index="0">
              <value>
                <![CDATA[QA]]>
              </value>
            </param>
            <param index="1">
              <value>
                <![CDATA[JLoBeauty]]>
              </value>
            </param>
            <param index="2">
              <value>
                <![CDATA[Core]]>
              </value>
            </param>
            <param index="3">
              <value>
                <![CDATA[Product]]>
              </value>
            </param>
            <param index="4">
              <value>
                <![CDATA[JL2A0056]]>
              </value>
            </param>
            <param index="5">
              <value>
                <![CDATA[-]]>
              </value>
            </param>
            <param index="6">
              <value>
                <![CDATA[Same]]>
              </value>
            </param>
            <param index="7">
              <value>
                <![CDATA[Visa]]>
              </value>
            </param>
            <param index="8">
              <value>
                <![CDATA[Chrome]]>
              </value>
            </param>
            <param index="9">
              <value>
                <![CDATA[-]]>
              </value>
            </param>
          </params>
          <exception class="org.openqa.selenium.NoSuchElementException">
            <message>
              <![CDATA[no such element: Unable to locate element: {"method":"css selector","selector":"#dwfrm_cart_billing_billingAddress_email_emailAddress"}
  (Session info: chrome=85.0.4183.102)
For documentation on this error, please visit: http://seleniumhq.org/exceptions/no_such_element.html
Build info: version: '3.13.0', revision: '2f0d292', time: '2018-06-25T15:24:21.231Z'
System info: host: 'DESKTOP-B5GC1GA', ip: '192.168.1.8', os.name: 'Windows 10', os.arch: 'amd64', os.version: '10.0', java.version: '1.8.0_271'
Driver info: org.openqa.selenium.chrome.ChromeDriver
Capabilities {acceptInsecureCerts: true, browserName: chrome, browserVersion: 85.0.4183.102, chrome: {chromedriverVersion: 85.0.4183.87 (cd6713ebf92fa..., userDataDir: C:\Users\Bharathi\AppData\L...}, goog:chromeOptions: {debuggerAddress: localhost:53270}, javascriptEnabled: true, networkConnectionEnabled: false, pageLoadStrategy: normal, platform: WINDOWS, platformName: WINDOWS, proxy: Proxy(manual, http=DESKTOP-..., setWindowRect: true, strictFileInteractability: false, timeouts: {implicit: 0, pageLoad: 300000, script: 30000}, unhandledPromptBehavior: dismiss and notify, webauthn:virtualAuthenticators: true}
Session ID: 4ce812dff95f347ae6405041cdefef17
*** Element info: {Using=id, value=dwfrm_cart_billing_billingAddress_email_emailAddress}]]>
            </message>
            <full-stacktrace>
              <![CDATA[org.openqa.selenium.NoSuchElementException: no such element: Unable to locate element: {"method":"css selector","selector":"#dwfrm_cart_billing_billingAddress_email_emailAddress"}
  (Session info: chrome=85.0.4183.102)
For documentation on this error, please visit: http://seleniumhq.org/exceptions/no_such_element.html
Build info: version: '3.13.0', revision: '2f0d292', time: '2018-06-25T15:24:21.231Z'
System info: host: 'DESKTOP-B5GC1GA', ip: '192.168.1.8', os.name: 'Windows 10', os.arch: 'amd64', os.version: '10.0', java.version: '1.8.0_271'
Driver info: org.openqa.selenium.chrome.ChromeDriver
Capabilities {acceptInsecureCerts: true, browserName: chrome, browserVersion: 85.0.4183.102, chrome: {chromedriverVersion: 85.0.4183.87 (cd6713ebf92fa..., userDataDir: C:\Users\Bharathi\AppData\L...}, goog:chromeOptions: {debuggerAddress: localhost:53270}, javascriptEnabled: true, networkConnectionEnabled: false, pageLoadStrategy: normal, platform: WINDOWS, platformName: WINDOWS, proxy: Proxy(manual, http=DESKTOP-..., setWindowRect: true, strictFileInteractability: false, timeouts: {implicit: 0, pageLoad: 300000, script: 30000}, unhandledPromptBehavior: dismiss and notify, webauthn:virtualAuthenticators: true}
Session ID: 4ce812dff95f347ae6405041cdefef17
*** Element info: {Using=id, value=dwfrm_cart_billing_billingAddress_email_emailAddress}
	at sun.reflect.NativeConstructorAccessorImpl.newInstance0(Native Method)
	at sun.reflect.NativeConstructorAccessorImpl.newInstance(Unknown Source)
	at sun.reflect.DelegatingConstructorAccessorImpl.newInstance(Unknown Source)
	at java.lang.reflect.Constructor.newInstance(Unknown Source)
	at org.openqa.selenium.remote.http.W3CHttpResponseCodec.createException(W3CHttpResponseCodec.java:187)
	at org.openqa.selenium.remote.http.W3CHttpResponseCodec.decode(W3CHttpResponseCodec.java:122)
	at org.openqa.selenium.remote.http.W3CHttpResponseCodec.decode(W3CHttpResponseCodec.java:49)
	at org.openqa.selenium.remote.HttpCommandExecutor.execute(HttpCommandExecutor.java:158)
	at org.openqa.selenium.remote.service.DriverCommandExecutor.execute(DriverCommandExecutor.java:83)
	at org.openqa.selenium.remote.RemoteWebDriver.execute(RemoteWebDriver.java:548)
	at org.openqa.selenium.remote.RemoteWebDriver.findElement(RemoteWebDriver.java:322)
	at org.openqa.selenium.remote.RemoteWebDriver.findElementById(RemoteWebDriver.java:368)
	at org.openqa.selenium.By$ById.findElement(By.java:188)
	at org.openqa.selenium.remote.RemoteWebDriver.findElement(RemoteWebDriver.java:314)
	at com.sns.gr_optimization.testbase.CommonUtilities.find_webelement(CommonUtilities.java:235)
	at com.sns.gr_optimization.testbase.BuyflowUtilities.fill_form_field(BuyflowUtilities.java:503)
	at com.sns.gr_optimization.testbase.BuyflowUtilities.ccPayment(BuyflowUtilities.java:591)
	at com.sns.gr_optimization.testbase.BuyflowUtilities.fill_out_form(BuyflowUtilities.java:581)
	at com.sns.gr_optimization.buyflow.BuyflowValidation.buyflow(BuyflowValidation.java:395)
	at sun.reflect.NativeMethodAccessorImpl.invoke0(Native Method)
	at sun.reflect.NativeMethodAccessorImpl.invoke(Unknown Source)
	at sun.reflect.DelegatingMethodAccessorImpl.invoke(Unknown Source)
	at java.lang.reflect.Method.invoke(Unknown Source)
	at org.testng.internal.MethodInvocationHelper.invokeMethod(MethodInvocationHelper.java:85)
	at org.testng.internal.Invoker.invokeMethod(Invoker.java:639)
	at org.testng.internal.Invoker.invokeTestMethod(Invoker.java:816)
	at org.testng.internal.TestMethodWithDataProviderMethodWorker.call(TestMethodWithDataProviderMethodWorker.java:75)
	at org.testng.internal.TestMethodWithDataProviderMethodWorker.call(TestMethodWithDataProviderMethodWorker.java:14)
	at java.util.concurrent.FutureTask.run(Unknown Source)
	at java.util.concurrent.Executors$RunnableAdapter.call(Unknown Source)
	at java.util.concurrent.FutureTask.run(Unknown Source)
	at java.util.concurrent.ThreadPoolExecutor.runWorker(Unknown Source)
	at java.util.concurrent.ThreadPoolExecutor$Worker.run(Unknown Source)
	at java.lang.Thread.run(Unknown Source)
]]>
            </full-stacktrace>
          </exception> <!-- org.openqa.selenium.NoSuchElementException -->
          <reporter-output>
          </reporter-output>
        </test-method> <!-- buyflow -->
        <test-method status="PASS" signature="populateExcel()[pri:0, instance:com.sns.gr_optimization.buyflow.BuyflowValidation@3b0143d3]" name="populateExcel" is-config="true" duration-ms="5043" started-at="2020-12-16T21:25:46Z" finished-at="2020-12-16T21:25:51Z">
          <reporter-output>
          </reporter-output>
        </test-method> <!-- populateExcel -->
      </class> <!-- com.sns.gr_optimization.buyflow.BuyflowValidation -->
    </test> <!-- buyflowTest -->
  </suite> <!-- buyflowSuite -->
</testng-results>
